-1.554711 53.807613 
-1.554948 53.807527 
-1.554977 53.807365 
-1.554604 53.807332 
-1.554250 53.807300 
-1.553391 53.807237 
-1.553234 53.807226 
-1.552692 53.807246 
-1.552510 53.807254 
-1.552419 53.807400 
-1.552361 53.807327 
-1.552283 53.807293 
-1.552181 53.807278 
-1.552007 53.807274 
-1.551929 53.807272 
-1.551629 53.807211 
-1.550360 53.806423 
-1.549712 53.806026 
-1.549604 53.805953 
-1.549079 53.805525 
-1.548993 53.805438 
-1.548771 53.805128 
-1.548648 53.804928 
-1.548607 53.804854 
-1.548260 53.804452 
-1.548173 53.804379 
-1.548161 53.804374 
-1.547985 53.804223 
-1.547521 53.803917 
-1.547233 53.803758 
-1.546796 53.803503 
-1.546742 53.803464 
-1.546518 53.803257 
-1.546452 53.803199 
-1.546360 53.803130 
-1.546274 53.803040 
-1.546317 53.802822 
-1.546459 53.802586 
-1.547172 53.801969 
-1.547285 53.801865 
-1.547365 53.801772 
